[matheuscopini.com/lover.html]
[backblue.gif]
[fade.gif]
[index.html]
[framerusercontent.com/images/bLvF8F2LQxc4QPFxmz6PpRa5yxg.png]
[cdn.utmify.com.br/scripts/utms/latest.js]
[connect.facebook.net/en_US/fbevents.js]
[framerusercontent.com/images/BRtaW20mxGHBcSbp1bsL9JGc0U.png]
[framerusercontent.com/images/vZW3QExeafY8ogiiWnlsg3Z00.jpg]
[framerusercontent.com/images/kdFGV1T3EKYjdFgyJsVnlOOxM.jpg]
[framerusercontent.com/images/9NAxWjcA0TZT9Hc5NZD4SvR4GHE.jpg]
[framerusercontent.com/images/H7NJOHnJvDWFG8J0Elx9sRj0zoM.jpg]
[framerusercontent.com/images/eMWvU1C8OyWlYjry8P2xo3TJNo.jpg]
[framerusercontent.com/images/z3RbR131rV1lM6nGumCHavfWePQ.jpg]
[framerusercontent.com/images/uhPS1LNcFhsNA36cUt2q6GUYDlY.jpg]
[framerusercontent.com/images/HOaO0aWGTaiBzBIwsOyb5CQ0njI.png]
[framerusercontent.com/images/Oj7mTwYdBzWEkl1IdN1kTjKZU.png]
[framerusercontent.com/images/wv0s7X5x2qNrILc0mqoOfar7B4s.png]
[framerusercontent.com/images/EZnG4W3qvixAerO4blrAqDCEkgU.png]
[framerusercontent.com/images/omfvP4Omtt5JmTV1mc1SyDHBZsQ.png]
[framerusercontent.com/images/McgQtGdDr2bxEJXQXXWL2hYdEU.png]
[framerusercontent.com/images/RytAaVH2KyOyk1C4gwZI42ZUzD4.png]
[framerusercontent.com/images/P2x0G9ZBFomIWgImvJ6gksyCY4.png]
[framerusercontent.com/images/m2Eb05qGcU3ptu7F1B86nxoDfgU.png]
[matheuscopini.com/politicas-a-cupula/privacy-policy-2.html]
[matheuscopini.com/politicas-a-cupula/termos-de-uso.html]
[matheuscopini.com/lover.html]
[www.googletagmanager.com/gtm5445.html]
[matheuscopini.com/index.html]
[connect.facebook.net/en_US/fbevents.js]
[matheuscopini.com/_https_/scripts.converteai.net/lib/js/smartplayer/v1/sdk.min.html]
[matheuscopini.com/_https_/scripts.converteai.net/5f17231f-71e1-4132-993b-4e3925deda44/players/67266681a905e5000bea30be/embed.html]
[matheuscopini.com/_https_/scripts.converteai.net/5f17231f-71e1-4132-993b-4e3925deda44/players/681e18fa9f3dfef20b382bb2/embed.html]
[framerusercontent.com/images/fIX5fHDmDmH1O1Zma3D16wF8RCs.png]
[matheuscopini.com/politicas-a-cupula/privacy-policy-2.html]
[matheuscopini.com/politicas-a-cupula/termos-de-uso.html]
[matheuscopini.com/politicas-a-cupula/política-de-cookies.html]
[matheuscopini.com/a.html]
[matheuscopini.com/POST.html]
[matheuscopini.com/schema.org/index.html]
[framerusercontent.com/images/T1LFZPZBHr0HP5KCbMkQHUW0mZc.jpg]
[matheuscopini.com/alphalife.html]
[framerusercontent.com/images/6IxZl0haIVxPgCEZVT7MAUB5w17f5.jpg]
[matheuscopini.com/estoicismodiarionew.html]
[framerusercontent.com/images/EE6htPBSI2P97k2A1oowLLVFy78.png]
[framerusercontent.com/images/X1r8T5el6oPyP5iheahLGoADcs17f5.jpg]
[framerusercontent.com/images/I98uuDoAuHz862ijxPn2PWBKvC0.jpg]
[framerusercontent.com/images/y2DbbBEeydZKQVJhrw5Vwc8I1xM.png]
[matheuscopini.com/index.html]
[matheuscopini.com/b.html]
[matheuscopini.com/d.html]
[matheuscopini.com/signals/iwl.html]
[matheuscopini.com/c.html]
[matheuscopini.com/c-2.html]
[framerusercontent.com/images/TQW3CcwFY4KuZ4XQbImkrfl0.png]
[framerusercontent.com/images/HBXXVO3hndYUctiE8ikEynbeFdI.png]
[framerusercontent.com/images/DGWHWcUrDGZZH7SOiQoKvcnV4Ww.png]
[framerusercontent.com/images/6HiWlre0Ru3XiZrEQmuacukGuw.png]
[framerusercontent.com/images/buFYCAzuLwfWHFTe8EN6h8d60.png]
[framerusercontent.com/images/SC3sbx9KXb2vzsevv8sbNu942s.jpg]
[framerusercontent.com/images/FJ7BF6ANEfBziH0HxbYfO9xJfI.jpg]
[framerusercontent.com/images/f71PQBmc0Bv0HiOlHgdXIxZVKSM.jpg]
[framerusercontent.com/images/L8952dlxcy51srxeyIPp6ruDad0.jpg]
[framerusercontent.com/images/2cwfUaUJeiAcDiURtSS13Otw2Z8.jpg]
[framerusercontent.com/images/bBm6rMwKmz3lu16RzuXiqMEVFg.png]
[framerusercontent.com/images/ouLk5VZiVs76DAOIK85Otll0Zw.png]
[framerusercontent.com/images/GekfFj0wNA8hjddk0ABgUaCNtGk.png]
[framerusercontent.com/images/OkBP9KzQ0kbtNEgJ3ialtFfpw.png]
[framerusercontent.com/images/WZSDlhJ3hfU9740QeMwFrlGjjtA17f5.png]
[framerusercontent.com/images/pFFYKfai1PD9yi8eElHqNaeFEPkbf23.png]
[framerusercontent.com/images/hOZCWikOeMyEnFkeuwe25MR0XdI.jpg]
[framerusercontent.com/images/m22aADHaQpVNpKMlde041po5ag17f5.jpg]
[framerusercontent.com/images/taAw5gf1Ee0sWcjHvwVwr3grFlc17f5.jpg]
[framerusercontent.com/images/rhUvncFm31ZaSsWCQ1ptUoUAbf23.jpg]
[framerusercontent.com/images/y7vncnoyUE44fI1XN7KonnWQk.jpg]
[framerusercontent.com/images/YPjbeFNuV5brZy12vN5khSVwqGU.png]
[framerusercontent.com/images/TH8oPpDDG4eNjAJiqIjUgXMuNrw.png]
[framerusercontent.com/images/jzgUwMaVL3rs4IKbSiqlZkkUd4.png]
[framerusercontent.com/images/Tt7YR5w8ZWA2lTX7pWnfVjg8s.png]
[framerusercontent.com/images/xfkeQ1KtxV01XBRw263qO5A9jzY.png]
[framerusercontent.com/images/ux79C9HF334Oof4jWntRvE3CiOg.png]
[framerusercontent.com/images/PQbwUdMm0jItwSiJvtce6zm10.png]
[framerusercontent.com/images/0kmivQULUsC7sXa2IPedjFWt8.png]
[framerusercontent.com/images/s7Zof6mFwMkL6mmS6nfprcoYzTc.png]
[framerusercontent.com/images/sYCrz94HOjJQleK17sCraDW0HLQ.png]
[framerusercontent.com/images/FP3gghsdrPRWdZA3QlDV1TkSyEE.png]
[framerusercontent.com/images/2Wo2x1h2smy7dVh41PbxsFSp5r8.png]
[framerusercontent.com/images/vWGTCzPasEriQZRVwQbylkBUARc.png]
[framerusercontent.com/images/Jl1fcLnxnuDPo4SZvxXmuwsnS8.png]
[framerusercontent.com/images/wEhptlwsaa6CwjKTaVPTyWMJ4s.png]
[framerusercontent.com/images/a1ySk2mYxirQlce3hikyNRNpa54.png]
[framerusercontent.com/images/EKw7a777jhtBv487RkW8It4p6OE.png]
[framerusercontent.com/images/pO14AYFVGZ1EhIenlW9bsX07E.png]
[framerusercontent.com/images/UfbPaASkbuLKGox50zGWdE2Wag.png]
[framerusercontent.com/images/jkUCPmp5KXAQR9aDuprTtIAJ8.png]
[framerusercontent.com/images/mnKs1JVdzx6Yps2LMyg8ispoBC4.png]
[framerusercontent.com/images/KVzbgKjl9sthaXcROggmHesnY.png]
[matheuscopini.com/alphalife.html]
[matheuscopini.com/campanhas/masterclass.html]
[framerusercontent.com/assets/yHpXrOPbXmOWGnnZjP7oAdjZHDA.png]
[framerusercontent.com/images/fjIDJvR9jWgd0FKTouyU1tLaEyA.png]
[framerusercontent.com/images/zR5XOb1mf2yzy3Dk0nmj0vaEcc.png]
[framerusercontent.com/images/4ajoyt8h8MPpYbVx9hMFvbbg.png]
[framerusercontent.com/images/Iosx5iHhiw05aMmUFlXNX7mWA.png]
[framerusercontent.com/images/oKKsnU1lynoXoqsFs1rB5k0OdNg.png]
[framerusercontent.com/images/g20huMJxL8sTYzjTI1Tbz7vrEsc.png]
[framerusercontent.com/images/CznbMzqPDT3QvIOXeCGtN3DtrtU.png]
[framerusercontent.com/images/ZbOumZTP32vcQXcwgHqL9to4A.png]
[framerusercontent.com/images/9ZZZa6r8BbtLERAoWYPJWI90qA.png]
[framerusercontent.com/images/IQCEsKD1cmztmDv9alkO4j6ZeAA.png]
[framerusercontent.com/images/gXmFz4RlulIXcwt4bzFhVAEi5M.png]
[framerusercontent.com/images/vE7wAcn444hhiwjzJf5Knd3oB4g.png]
[framerusercontent.com/images/j2CyWAm8EtMyaDLFgzsIrKTkY2g.png]
[matheuscopini.com/estoicismodiarionew.html]
[matheuscopini.com/links.html]
